{
  "stats": {
    "suites": 1,
    "tests": 1,
    "passes": 0,
    "pending": 0,
    "failures": 1,
    "start": "2024-01-05T09:15:07.637Z",
    "end": "2024-01-05T09:15:08.481Z",
    "duration": 844,
    "testsRegistered": 1,
    "passPercent": 0,
    "pendingPercent": 0,
    "other": 0,
    "hasOther": false,
    "skipped": 0,
    "hasSkipped": false
  },
  "results": [
    {
      "uuid": "53d7562a-1929-4b6c-a4bf-e6461f5cebdc",
      "title": "",
      "fullFile": "cypress\\e2e\\example\\mock\\testmock.cy.js",
      "file": "cypress\\e2e\\example\\mock\\testmock.cy.js",
      "beforeHooks": [],
      "afterHooks": [],
      "tests": [],
      "suites": [
        {
          "uuid": "3a0ddefb-5bfa-4651-b16c-8fee299dde1b",
          "title": "自动化测试",
          "fullFile": "",
          "file": "",
          "beforeHooks": [],
          "afterHooks": [],
          "tests": [
            {
              "title": "get",
              "fullTitle": "自动化测试 get",
              "timedOut": null,
              "duration": 777,
              "state": "failed",
              "speed": null,
              "pass": false,
              "fail": true,
              "pending": false,
              "context": null,
              "code": "cy.request({\n  url: \"http://localhost:3000/user\",\n  method: \"get\"\n}).its(\"body\").should(\"include\", \"思段\");",
              "err": {
                "message": "CypressError: `cy.request()` failed trying to load:\n\nhttp://localhost:3000/user\n\nWe attempted to make an http request to this URL but the request failed without a response.\n\nWe received this error at the network level:\n\n  > Error: connect ECONNREFUSED 127.0.0.1:3000\n\n-----------------------------------------------------------\n\nThe request we sent was:\n\nMethod: GET\nURL: http://localhost:3000/user\n\n-----------------------------------------------------------\n\nCommon situations why this would fail:\n  - you don't have internet access\n  - you forgot to run / boot your web server\n  - your web server isn't accessible\n  - you have weird network configuration settings on your computer\n\nhttps://on.cypress.io/request",
                "estack": "CypressError: `cy.request()` failed trying to load:\n\nhttp://localhost:3000/user\n\nWe attempted to make an http request to this URL but the request failed without a response.\n\nWe received this error at the network level:\n\n  > Error: connect ECONNREFUSED 127.0.0.1:3000\n\n-----------------------------------------------------------\n\nThe request we sent was:\n\nMethod: GET\nURL: http://localhost:3000/user\n\n-----------------------------------------------------------\n\nCommon situations why this would fail:\n  - you don't have internet access\n  - you forgot to run / boot your web server\n  - your web server isn't accessible\n  - you have weird network configuration settings on your computer\n\nhttps://on.cypress.io/request\n    at <unknown> (http://localhost:64204/__cypress/runner/cypress_runner.js:133478:70)\n    at tryCatcher (http://localhost:64204/__cypress/runner/cypress_runner.js:1807:23)\n    at <unknown> (http://localhost:64204/__cypress/runner/cypress_runner.js:4203:37)\n    at tryCatcher (http://localhost:64204/__cypress/runner/cypress_runner.js:1807:23)\n    at Promise._settlePromiseFromHandler (http://localhost:64204/__cypress/runner/cypress_runner.js:1519:31)\n    at Promise._settlePromise (http://localhost:64204/__cypress/runner/cypress_runner.js:1576:18)\n    at Promise._settlePromise0 (http://localhost:64204/__cypress/runner/cypress_runner.js:1621:10)\n    at Promise._settlePromises (http://localhost:64204/__cypress/runner/cypress_runner.js:1697:18)\n    at _drainQueueStep (http://localhost:64204/__cypress/runner/cypress_runner.js:2407:12)\n    at _drainQueue (http://localhost:64204/__cypress/runner/cypress_runner.js:2400:9)\n    at Async._drainQueues (http://localhost:64204/__cypress/runner/cypress_runner.js:2416:5)\n    at Async.drainQueues (http://localhost:64204/__cypress/runner/cypress_runner.js:2286:14)\nFrom Your Spec Code:\n    at Context.eval (webpack://cypress/./cypress/e2e/example/mock/testmock.cy.js:3:11)\n\nFrom Node.js Internals:\n  RequestError: Error: connect ECONNREFUSED 127.0.0.1:3000\n      at new r (<embedded>:1832:361388)\n      at ee.callback (<embedded>:1832:367389)\n      at e.callback.s.callback [as _callback] (<embedded>:1832:366835)\n      at s._callback.s.callback.s.callback (<embedded>:2050:91633)\n      at ee.emit (node:events:513:28)\n      at ee.onRequestError (<embedded>:2050:100575)\n      at ClientRequest.emit (node:events:525:35)\n      at Socket.socketErrorListener (node:_http_client:502:9)\n      at Socket.emit (node:events:513:28)\n      at emitErrorNT (node:internal/streams/destroy:151:8)\n      at emitErrorCloseNT (node:internal/streams/destroy:116:3)\n      at process.processTicksAndRejections (node:internal/process/task_queues:82:21)",
                "diff": null
              },
              "uuid": "c7413d0f-bbfe-4389-91fe-b4c9d0537b41",
              "parentUUID": "3a0ddefb-5bfa-4651-b16c-8fee299dde1b",
              "isHook": false,
              "skipped": false
            }
          ],
          "suites": [],
          "passes": [],
          "failures": [
            "c7413d0f-bbfe-4389-91fe-b4c9d0537b41"
          ],
          "pending": [],
          "skipped": [],
          "duration": 777,
          "root": false,
          "rootEmpty": false,
          "_timeout": 2000
        }
      ],
      "passes": [],
      "failures": [],
      "pending": [],
      "skipped": [],
      "duration": 0,
      "root": true,
      "rootEmpty": true,
      "_timeout": 2000
    }
  ],
  "meta": {
    "mocha": {
      "version": "7.0.1"
    },
    "mochawesome": {
      "options": {
        "quiet": false,
        "reportFilename": "mochawesome",
        "saveHtml": false,
        "saveJson": true,
        "consoleReporter": "spec",
        "useInlineDiffs": false,
        "code": true
      },
      "version": "7.1.3"
    },
    "marge": {
      "options": {
        "reportDir": "cypress/reports",
        "overwrite": false,
        "html": false,
        "json": true
      },
      "version": "6.2.0"
    }
  }
}