{
  "stats": {
    "suites": 1,
    "tests": 2,
    "passes": 2,
    "pending": 0,
    "failures": 0,
    "start": "2024-01-05T09:16:42.080Z",
    "end": "2024-01-05T09:17:12.474Z",
    "duration": 30394,
    "testsRegistered": 2,
    "passPercent": 100,
    "pendingPercent": 0,
    "other": 0,
    "hasOther": false,
    "skipped": 0,
    "hasSkipped": false
  },
  "results": [
    {
      "uuid": "7a3a87d9-4106-465d-a579-680aef5f0ad2",
      "title": "",
      "fullFile": "cypress\\e2e\\example\\web\\testlogin.cy.js",
      "file": "cypress\\e2e\\example\\web\\testlogin.cy.js",
      "beforeHooks": [],
      "afterHooks": [],
      "tests": [],
      "suites": [
        {
          "uuid": "c04fd431-97eb-45c9-b6c5-b0289df6f971",
          "title": "登录测试",
          "fullFile": "",
          "file": "",
          "beforeHooks": [],
          "afterHooks": [],
          "tests": [
            {
              "title": "输入正确的用户名和密码，登录成功",
              "fullTitle": "登录测试 输入正确的用户名和密码，登录成功",
              "timedOut": null,
              "duration": 14121,
              "state": "passed",
              "speed": "slow",
              "pass": true,
              "fail": false,
              "pending": false,
              "context": null,
              "code": "const loginPage = new _loginpage.default();\nloginPage.visit();\nloginPage.login(\"13000000001\", \"000001\");\ncy.title().should(\"include\", \"镝数图表\");",
              "err": {},
              "uuid": "5a195e23-c497-4845-8965-2395711906e1",
              "parentUUID": "c04fd431-97eb-45c9-b6c5-b0289df6f971",
              "isHook": false,
              "skipped": false
            },
            {
              "title": "滚动",
              "fullTitle": "登录测试 滚动",
              "timedOut": null,
              "duration": 14566,
              "state": "passed",
              "speed": "slow",
              "pass": true,
              "fail": false,
              "pending": false,
              "context": null,
              "code": "cy.visit(\"https://dycharts.com/appv2/#/pages/home/index\");\ncy.viewport(1920, 1080);\ncy.contains(\"h1\", \"简历\", {\n  timeout: 10000\n}).scrollIntoView();\ncy.wait(3000);\ncy.scrollTo(\"top\", {\n  ensureScrollable: false\n});\ncy.wait(3000);\ncy.scrollTo(0, 1000, {\n  ensureScrollable: false\n});\ncy.wait(3000);\ncy.scrollTo(\"0%\", \"50%\", {\n  ensureScrollable: false\n});\ncy.wait(3000);",
              "err": {},
              "uuid": "7678c6d5-10f0-4419-b779-50b2504a1284",
              "parentUUID": "c04fd431-97eb-45c9-b6c5-b0289df6f971",
              "isHook": false,
              "skipped": false
            }
          ],
          "suites": [],
          "passes": [
            "5a195e23-c497-4845-8965-2395711906e1",
            "7678c6d5-10f0-4419-b779-50b2504a1284"
          ],
          "failures": [],
          "pending": [],
          "skipped": [],
          "duration": 28687,
          "root": false,
          "rootEmpty": false,
          "_timeout": 2000
        }
      ],
      "passes": [],
      "failures": [],
      "pending": [],
      "skipped": [],
      "duration": 0,
      "root": true,
      "rootEmpty": true,
      "_timeout": 2000
    }
  ],
  "meta": {
    "mocha": {
      "version": "7.0.1"
    },
    "mochawesome": {
      "options": {
        "quiet": false,
        "reportFilename": "mochawesome",
        "saveHtml": false,
        "saveJson": true,
        "consoleReporter": "spec",
        "useInlineDiffs": false,
        "code": true
      },
      "version": "7.1.3"
    },
    "marge": {
      "options": {
        "reportDir": "cypress/reports",
        "overwrite": false,
        "html": false,
        "json": true
      },
      "version": "6.2.0"
    }
  }
}