{
  "stats": {
    "suites": 1,
    "tests": 1,
    "passes": 1,
    "pending": 0,
    "failures": 0,
    "start": "2024-01-05T09:15:10.627Z",
    "end": "2024-01-05T09:16:39.985Z",
    "duration": 89358,
    "testsRegistered": 1,
    "passPercent": 100,
    "pendingPercent": 0,
    "other": 0,
    "hasOther": false,
    "skipped": 0,
    "hasSkipped": false
  },
  "results": [
    {
      "uuid": "4b0d45ab-26d0-484a-a610-bd904670b8c6",
      "title": "",
      "fullFile": "cypress\\e2e\\example\\web\\demo.cy.js",
      "file": "cypress\\e2e\\example\\web\\demo.cy.js",
      "beforeHooks": [],
      "afterHooks": [],
      "tests": [],
      "suites": [
        {
          "uuid": "dade87c4-8495-45d1-8351-2512943e99af",
          "title": "demo",
          "fullFile": "",
          "file": "",
          "beforeHooks": [],
          "afterHooks": [],
          "tests": [
            {
              "title": "输入正确的用户名和密码，登录成功",
              "fullTitle": "demo 输入正确的用户名和密码，登录成功",
              "timedOut": null,
              "duration": 87779,
              "state": "passed",
              "speed": "slow",
              "pass": true,
              "fail": false,
              "pending": false,
              "context": null,
              "code": "const loginPage = new _loginpage.default();\nloginPage.visit();\nloginPage.login(\"13000000003\", \"000003\");\ncy.wait(5000);\ncy.reload();\ncy.wait(2000);\ncy.get(\".data > a\").click();\ncy.contains(\"span\", \"导入数据\").click();\ncy.get(\".datafile.ng-star-inserted\", {\n  timeout: 10000\n}).should(\"exist\").attachFile(\"example.json\");\ncy.title().should(\"include\", \"镝数图表\");",
              "err": {},
              "uuid": "39b83d62-48fc-4780-86da-ca784d5ef2f4",
              "parentUUID": "dade87c4-8495-45d1-8351-2512943e99af",
              "isHook": false,
              "skipped": false
            }
          ],
          "suites": [],
          "passes": [
            "39b83d62-48fc-4780-86da-ca784d5ef2f4"
          ],
          "failures": [],
          "pending": [],
          "skipped": [],
          "duration": 87779,
          "root": false,
          "rootEmpty": false,
          "_timeout": 2000
        }
      ],
      "passes": [],
      "failures": [],
      "pending": [],
      "skipped": [],
      "duration": 0,
      "root": true,
      "rootEmpty": true,
      "_timeout": 2000
    }
  ],
  "meta": {
    "mocha": {
      "version": "7.0.1"
    },
    "mochawesome": {
      "options": {
        "quiet": false,
        "reportFilename": "mochawesome",
        "saveHtml": false,
        "saveJson": true,
        "consoleReporter": "spec",
        "useInlineDiffs": false,
        "code": true
      },
      "version": "7.1.3"
    },
    "marge": {
      "options": {
        "reportDir": "cypress/reports",
        "overwrite": false,
        "html": false,
        "json": true
      },
      "version": "6.2.0"
    }
  }
}