{
  "stats": {
    "suites": 1,
    "tests": 1,
    "passes": 1,
    "pending": 0,
    "failures": 0,
    "start": "2024-01-05T09:14:33.589Z",
    "end": "2024-01-05T09:14:59.830Z",
    "duration": 26241,
    "testsRegistered": 1,
    "passPercent": 100,
    "pendingPercent": 0,
    "other": 0,
    "hasOther": false,
    "skipped": 0,
    "hasSkipped": false
  },
  "results": [
    {
      "uuid": "69cb7a2f-474b-4f02-bf3e-97d713988e87",
      "title": "",
      "fullFile": "cypress\\e2e\\example\\nav.spec.cy.js",
      "file": "cypress\\e2e\\example\\nav.spec.cy.js",
      "beforeHooks": [],
      "afterHooks": [],
      "tests": [],
      "suites": [
        {
          "uuid": "2e4ba74b-29cc-45ac-a966-7a6a1c20bd60",
          "title": "",
          "fullFile": "",
          "file": "",
          "beforeHooks": [],
          "afterHooks": [],
          "tests": [
            {
              "title": "导航",
              "fullTitle": " 导航",
              "timedOut": null,
              "duration": 22996,
              "state": "passed",
              "speed": "slow",
              "pass": true,
              "fail": false,
              "pending": false,
              "context": null,
              "code": "cy.visit(\"https://useai.fun/\");\ncy.visit(\"https://useai.fun/lesson/ai-chatbots-competition1\");\ncy.wait(3000);\ncy.go(\"back\");\ncy.wait(3000);\ncy.go(\"forward\");\ncy.wait(3000);\ncy.reload();\nconsole.log(cy.url());\nconsole.log(cy.title());",
              "err": {},
              "uuid": "0e218627-959c-4319-9fa6-67fd0c2ca53b",
              "parentUUID": "2e4ba74b-29cc-45ac-a966-7a6a1c20bd60",
              "isHook": false,
              "skipped": false
            }
          ],
          "suites": [],
          "passes": [
            "0e218627-959c-4319-9fa6-67fd0c2ca53b"
          ],
          "failures": [],
          "pending": [],
          "skipped": [],
          "duration": 22996,
          "root": false,
          "rootEmpty": false,
          "_timeout": 2000
        }
      ],
      "passes": [],
      "failures": [],
      "pending": [],
      "skipped": [],
      "duration": 0,
      "root": true,
      "rootEmpty": true,
      "_timeout": 2000
    }
  ],
  "meta": {
    "mocha": {
      "version": "7.0.1"
    },
    "mochawesome": {
      "options": {
        "quiet": false,
        "reportFilename": "mochawesome",
        "saveHtml": false,
        "saveJson": true,
        "consoleReporter": "spec",
        "useInlineDiffs": false,
        "code": true
      },
      "version": "7.1.3"
    },
    "marge": {
      "options": {
        "reportDir": "cypress/reports",
        "overwrite": false,
        "html": false,
        "json": true
      },
      "version": "6.2.0"
    }
  }
}