{
  "stats": {
    "suites": 1,
    "tests": 1,
    "passes": 0,
    "pending": 0,
    "failures": 1,
    "start": "2024-01-05T07:39:39.504Z",
    "end": "2024-01-05T07:41:12.220Z",
    "duration": 92716,
    "testsRegistered": 1,
    "passPercent": 0,
    "pendingPercent": 0,
    "other": 0,
    "hasOther": false,
    "skipped": 0,
    "hasSkipped": false
  },
  "results": [
    {
      "uuid": "8dcddcd6-4f88-47d7-873e-0661f429c375",
      "title": "",
      "fullFile": "cypress\\e2e\\example\\web\\demo.cy.js",
      "file": "cypress\\e2e\\example\\web\\demo.cy.js",
      "beforeHooks": [],
      "afterHooks": [],
      "tests": [],
      "suites": [
        {
          "uuid": "a10e8549-5ff3-4420-a135-cf0d8095fecf",
          "title": "demo",
          "fullFile": "",
          "file": "",
          "beforeHooks": [],
          "afterHooks": [],
          "tests": [
            {
              "title": "输入正确的用户名和密码，登录成功",
              "fullTitle": "demo 输入正确的用户名和密码，登录成功",
              "timedOut": null,
              "duration": 91083,
              "state": "failed",
              "speed": null,
              "pass": false,
              "fail": true,
              "pending": false,
              "context": null,
              "code": "const loginPage = new _loginpage.default();\nloginPage.visit();\nloginPage.login(\"13000000003\", \"000003\");\ncy.wait(5000);\ncy.reload();\ncy.wait(2000);\ncy.get(\".data > a\").click();\ncy.contains(\"span\", \"导入数据\").click();\ncy.get(\".datafile.ng-star-inserted\", {\n  timeout: 10000\n}).should(\"exist\").attachFile(\"example.json\");\ncy.title().should(\"include\", \"镝数图表\");",
              "err": {
                "message": "AssertionError: Timed out retrying after 4000ms: Expected to find element: `.data > a`, but never found it.",
                "estack": "AssertionError: Timed out retrying after 4000ms: Expected to find element: `.data > a`, but never found it.\n    at Context.eval (webpack://cypress/./cypress/e2e/example/web/demo.cy.js:12:11)",
                "diff": null
              },
              "uuid": "5969fe99-d8bd-4daa-947e-8c633b864974",
              "parentUUID": "a10e8549-5ff3-4420-a135-cf0d8095fecf",
              "isHook": false,
              "skipped": false
            }
          ],
          "suites": [],
          "passes": [],
          "failures": [
            "5969fe99-d8bd-4daa-947e-8c633b864974"
          ],
          "pending": [],
          "skipped": [],
          "duration": 91083,
          "root": false,
          "rootEmpty": false,
          "_timeout": 2000
        }
      ],
      "passes": [],
      "failures": [],
      "pending": [],
      "skipped": [],
      "duration": 0,
      "root": true,
      "rootEmpty": true,
      "_timeout": 2000
    }
  ],
  "meta": {
    "mocha": {
      "version": "7.0.1"
    },
    "mochawesome": {
      "options": {
        "quiet": false,
        "reportFilename": "mochawesome",
        "saveHtml": false,
        "saveJson": true,
        "consoleReporter": "spec",
        "useInlineDiffs": false,
        "code": true
      },
      "version": "7.1.3"
    },
    "marge": {
      "options": {
        "overwrite": false,
        "html": false,
        "json": true
      },
      "version": "6.2.0"
    }
  }
}