{
  "stats": {
    "suites": 1,
    "tests": 2,
    "passes": 2,
    "pending": 0,
    "failures": 0,
    "start": "2024-01-05T07:39:33.623Z",
    "end": "2024-01-05T07:39:35.128Z",
    "duration": 1505,
    "testsRegistered": 2,
    "passPercent": 100,
    "pendingPercent": 0,
    "other": 0,
    "hasOther": false,
    "skipped": 0,
    "hasSkipped": false
  },
  "results": [
    {
      "uuid": "0e538600-10c8-486c-bae3-1abe2194d285",
      "title": "",
      "fullFile": "cypress\\e2e\\example\\api\\testlogin.cy.js",
      "file": "cypress\\e2e\\example\\api\\testlogin.cy.js",
      "beforeHooks": [],
      "afterHooks": [],
      "tests": [],
      "suites": [
        {
          "uuid": "ff2e7a3e-ae9b-45a3-8e54-110955f12cf8",
          "title": "接口登录",
          "fullFile": "",
          "file": "",
          "beforeHooks": [],
          "afterHooks": [],
          "tests": [
            {
              "title": "输入错误的密码，提示密码错误",
              "fullTitle": "接口登录 输入错误的密码，提示密码错误",
              "timedOut": null,
              "duration": 110,
              "state": "passed",
              "speed": "fast",
              "pass": true,
              "fail": false,
              "pending": false,
              "context": null,
              "code": "cy.request({\n  url: \"https://dycharts.com/vis/auth/login\",\n  method: \"post\",\n  form: true,\n  body: {\n    username: \"13000000008\",\n    password: \"000001\"\n  }\n}).then(response => {\n  expect(response.body).to.have.property(\"message\", \"password_error\");\n});",
              "err": {},
              "uuid": "65165550-3ab0-45d7-95cd-51a794ab1f39",
              "parentUUID": "ff2e7a3e-ae9b-45a3-8e54-110955f12cf8",
              "isHook": false,
              "skipped": false
            },
            {
              "title": "输入正确的用户名和密码，可以登录成功",
              "fullTitle": "接口登录 输入正确的用户名和密码，可以登录成功",
              "timedOut": null,
              "duration": 1353,
              "state": "passed",
              "speed": "fast",
              "pass": true,
              "fail": false,
              "pending": false,
              "context": null,
              "code": "cy.request({\n  url: \"https://dycharts.com/vis/auth/login\",\n  method: \"post\",\n  form: true,\n  body: {\n    username: \"13000000008\",\n    password: \"000008\"\n  }\n}).then(response => {\n  expect(response.body).to.have.property(\"message\", \"success\");\n  // .its(\"body\")\n  // .should(\"have.property\", \"message\", \"success\");\n});",
              "err": {},
              "uuid": "44c2fc13-4291-49f0-90c5-49d84b3105c3",
              "parentUUID": "ff2e7a3e-ae9b-45a3-8e54-110955f12cf8",
              "isHook": false,
              "skipped": false
            }
          ],
          "suites": [],
          "passes": [
            "65165550-3ab0-45d7-95cd-51a794ab1f39",
            "44c2fc13-4291-49f0-90c5-49d84b3105c3"
          ],
          "failures": [],
          "pending": [],
          "skipped": [],
          "duration": 1463,
          "root": false,
          "rootEmpty": false,
          "_timeout": 2000
        }
      ],
      "passes": [],
      "failures": [],
      "pending": [],
      "skipped": [],
      "duration": 0,
      "root": true,
      "rootEmpty": true,
      "_timeout": 2000
    }
  ],
  "meta": {
    "mocha": {
      "version": "7.0.1"
    },
    "mochawesome": {
      "options": {
        "quiet": false,
        "reportFilename": "mochawesome",
        "saveHtml": false,
        "saveJson": true,
        "consoleReporter": "spec",
        "useInlineDiffs": false,
        "code": true
      },
      "version": "7.1.3"
    },
    "marge": {
      "options": {
        "overwrite": false,
        "html": false,
        "json": true
      },
      "version": "6.2.0"
    }
  }
}