{
  "stats": {
    "suites": 1,
    "tests": 1,
    "passes": 1,
    "pending": 0,
    "failures": 0,
    "start": "2024-01-05T07:38:48.575Z",
    "end": "2024-01-05T07:39:01.267Z",
    "duration": 12692,
    "testsRegistered": 1,
    "passPercent": 100,
    "pendingPercent": 0,
    "other": 0,
    "hasOther": false,
    "skipped": 0,
    "hasSkipped": false
  },
  "results": [
    {
      "uuid": "75a7b2c0-eb98-42ad-9ff3-b71e013a6292",
      "title": "",
      "fullFile": "cypress\\e2e\\example\\index.cy.js",
      "file": "cypress\\e2e\\example\\index.cy.js",
      "beforeHooks": [],
      "afterHooks": [],
      "tests": [],
      "suites": [
        {
          "uuid": "6e371236-aeac-4bce-8ea6-fcc570e4f927",
          "title": "首页",
          "fullFile": "",
          "file": "",
          "beforeHooks": [],
          "afterHooks": [],
          "tests": [
            {
              "title": "首页点击登录",
              "fullTitle": "首页 首页点击登录",
              "timedOut": null,
              "duration": 10193,
              "state": "passed",
              "speed": "slow",
              "pass": true,
              "fail": false,
              "pending": false,
              "context": null,
              "code": "cy.visit(\"https://dycharts.com/appv2/#/pages/home/index\");\ncy.wait(5000);\ncy.get(\".login-btns\").click({\n  force: true\n});\ncy.url().should(\"include\", \"home\");\ncy.title().should(\"include\", \"镝数图表\");",
              "err": {},
              "uuid": "787a494c-9b58-49cf-9962-353f8303c693",
              "parentUUID": "6e371236-aeac-4bce-8ea6-fcc570e4f927",
              "isHook": false,
              "skipped": false
            }
          ],
          "suites": [],
          "passes": [
            "787a494c-9b58-49cf-9962-353f8303c693"
          ],
          "failures": [],
          "pending": [],
          "skipped": [],
          "duration": 10193,
          "root": false,
          "rootEmpty": false,
          "_timeout": 2000
        }
      ],
      "passes": [],
      "failures": [],
      "pending": [],
      "skipped": [],
      "duration": 0,
      "root": true,
      "rootEmpty": true,
      "_timeout": 2000
    }
  ],
  "meta": {
    "mocha": {
      "version": "7.0.1"
    },
    "mochawesome": {
      "options": {
        "quiet": false,
        "reportFilename": "mochawesome",
        "saveHtml": false,
        "saveJson": true,
        "consoleReporter": "spec",
        "useInlineDiffs": false,
        "code": true
      },
      "version": "7.1.3"
    },
    "marge": {
      "options": {
        "overwrite": false,
        "html": false,
        "json": true
      },
      "version": "6.2.0"
    }
  }
}