{
  "stats": {
    "suites": 1,
    "tests": 2,
    "passes": 2,
    "pending": 0,
    "failures": 0,
    "start": "2024-01-05T07:07:04.357Z",
    "end": "2024-01-05T07:07:36.562Z",
    "duration": 32205,
    "testsRegistered": 2,
    "passPercent": 100,
    "pendingPercent": 0,
    "other": 0,
    "hasOther": false,
    "skipped": 0,
    "hasSkipped": false
  },
  "results": [
    {
      "uuid": "8db07315-9ceb-4640-83e8-9a2e5c308678",
      "title": "",
      "fullFile": "cypress\\e2e\\example\\web\\testlogin.cy.js",
      "file": "cypress\\e2e\\example\\web\\testlogin.cy.js",
      "beforeHooks": [],
      "afterHooks": [],
      "tests": [],
      "suites": [
        {
          "uuid": "f7e25209-5aa0-4dca-9519-9d9ea307a615",
          "title": "登录测试",
          "fullFile": "",
          "file": "",
          "beforeHooks": [],
          "afterHooks": [],
          "tests": [
            {
              "title": "输入正确的用户名和密码，登录成功",
              "fullTitle": "登录测试 输入正确的用户名和密码，登录成功",
              "timedOut": null,
              "duration": 15564,
              "state": "passed",
              "speed": "slow",
              "pass": true,
              "fail": false,
              "pending": false,
              "context": null,
              "code": "const loginPage = new _loginpage.default();\nloginPage.visit();\nloginPage.login(\"13000000001\", \"000001\");\ncy.title().should(\"include\", \"镝数图表\");",
              "err": {},
              "uuid": "307eefde-8784-441e-b50c-7f417776421a",
              "parentUUID": "f7e25209-5aa0-4dca-9519-9d9ea307a615",
              "isHook": false,
              "skipped": false
            },
            {
              "title": "滚动",
              "fullTitle": "登录测试 滚动",
              "timedOut": null,
              "duration": 14632,
              "state": "passed",
              "speed": "slow",
              "pass": true,
              "fail": false,
              "pending": false,
              "context": null,
              "code": "cy.visit(\"https://dycharts.com/appv2/#/pages/home/index\");\ncy.viewport(1920, 1080);\ncy.contains(\"h1\", \"简历\", {\n  timeout: 10000\n}).scrollIntoView();\ncy.wait(3000);\ncy.scrollTo(\"top\", {\n  ensureScrollable: false\n});\ncy.wait(3000);\ncy.scrollTo(0, 1000, {\n  ensureScrollable: false\n});\ncy.wait(3000);\ncy.scrollTo(\"0%\", \"50%\", {\n  ensureScrollable: false\n});\ncy.wait(3000);",
              "err": {},
              "uuid": "bf352c9a-94d5-4498-a15d-5397edbf536d",
              "parentUUID": "f7e25209-5aa0-4dca-9519-9d9ea307a615",
              "isHook": false,
              "skipped": false
            }
          ],
          "suites": [],
          "passes": [
            "307eefde-8784-441e-b50c-7f417776421a",
            "bf352c9a-94d5-4498-a15d-5397edbf536d"
          ],
          "failures": [],
          "pending": [],
          "skipped": [],
          "duration": 30196,
          "root": false,
          "rootEmpty": false,
          "_timeout": 2000
        }
      ],
      "passes": [],
      "failures": [],
      "pending": [],
      "skipped": [],
      "duration": 0,
      "root": true,
      "rootEmpty": true,
      "_timeout": 2000
    }
  ],
  "meta": {
    "mocha": {
      "version": "7.0.1"
    },
    "mochawesome": {
      "options": {
        "quiet": false,
        "reportFilename": "mochawesome",
        "saveHtml": false,
        "saveJson": true,
        "consoleReporter": "spec",
        "useInlineDiffs": false,
        "code": true
      },
      "version": "7.1.3"
    },
    "marge": {
      "options": {
        "overwrite": false,
        "html": false,
        "json": true
      },
      "version": "6.2.0"
    }
  }
}