{
  "stats": {
    "suites": 1,
    "tests": 2,
    "passes": 2,
    "pending": 0,
    "failures": 0,
    "start": "2024-01-05T07:41:14.450Z",
    "end": "2024-01-05T07:41:49.751Z",
    "duration": 35301,
    "testsRegistered": 2,
    "passPercent": 100,
    "pendingPercent": 0,
    "other": 0,
    "hasOther": false,
    "skipped": 0,
    "hasSkipped": false
  },
  "results": [
    {
      "uuid": "2e11f42e-5282-48c2-9602-1345e670b476",
      "title": "",
      "fullFile": "cypress\\e2e\\example\\web\\testlogin.cy.js",
      "file": "cypress\\e2e\\example\\web\\testlogin.cy.js",
      "beforeHooks": [],
      "afterHooks": [],
      "tests": [],
      "suites": [
        {
          "uuid": "61da510f-2d79-484c-a8f9-e238715c9625",
          "title": "登录测试",
          "fullFile": "",
          "file": "",
          "beforeHooks": [],
          "afterHooks": [],
          "tests": [
            {
              "title": "输入正确的用户名和密码，登录成功",
              "fullTitle": "登录测试 输入正确的用户名和密码，登录成功",
              "timedOut": null,
              "duration": 15102,
              "state": "passed",
              "speed": "slow",
              "pass": true,
              "fail": false,
              "pending": false,
              "context": null,
              "code": "const loginPage = new _loginpage.default();\nloginPage.visit();\nloginPage.login(\"13000000001\", \"000001\");\ncy.title().should(\"include\", \"镝数图表\");",
              "err": {},
              "uuid": "02b256d3-0aec-42c3-bb8e-c36e32fb4264",
              "parentUUID": "61da510f-2d79-484c-a8f9-e238715c9625",
              "isHook": false,
              "skipped": false
            },
            {
              "title": "滚动",
              "fullTitle": "登录测试 滚动",
              "timedOut": null,
              "duration": 18312,
              "state": "passed",
              "speed": "slow",
              "pass": true,
              "fail": false,
              "pending": false,
              "context": null,
              "code": "cy.visit(\"https://dycharts.com/appv2/#/pages/home/index\");\ncy.viewport(1920, 1080);\ncy.contains(\"h1\", \"简历\", {\n  timeout: 10000\n}).scrollIntoView();\ncy.wait(3000);\ncy.scrollTo(\"top\", {\n  ensureScrollable: false\n});\ncy.wait(3000);\ncy.scrollTo(0, 1000, {\n  ensureScrollable: false\n});\ncy.wait(3000);\ncy.scrollTo(\"0%\", \"50%\", {\n  ensureScrollable: false\n});\ncy.wait(3000);",
              "err": {},
              "uuid": "8de801d0-69ae-4eb7-90d2-b6ef0a936d09",
              "parentUUID": "61da510f-2d79-484c-a8f9-e238715c9625",
              "isHook": false,
              "skipped": false
            }
          ],
          "suites": [],
          "passes": [
            "02b256d3-0aec-42c3-bb8e-c36e32fb4264",
            "8de801d0-69ae-4eb7-90d2-b6ef0a936d09"
          ],
          "failures": [],
          "pending": [],
          "skipped": [],
          "duration": 33414,
          "root": false,
          "rootEmpty": false,
          "_timeout": 2000
        }
      ],
      "passes": [],
      "failures": [],
      "pending": [],
      "skipped": [],
      "duration": 0,
      "root": true,
      "rootEmpty": true,
      "_timeout": 2000
    }
  ],
  "meta": {
    "mocha": {
      "version": "7.0.1"
    },
    "mochawesome": {
      "options": {
        "quiet": false,
        "reportFilename": "mochawesome",
        "saveHtml": false,
        "saveJson": true,
        "consoleReporter": "spec",
        "useInlineDiffs": false,
        "code": true
      },
      "version": "7.1.3"
    },
    "marge": {
      "options": {
        "overwrite": false,
        "html": false,
        "json": true
      },
      "version": "6.2.0"
    }
  }
}